030525_21-36-51: [INFO   ] directory: C:\Users\nick\Desktop\Schedulify
030525_21-36-51: [INFO   ] Successfully parsed 100 courses.
030525_21-36-51: [INFO   ] output finish, can be seen in C:\Users\nick\Desktop\Schedulify/data/V1.courseOutput.json
030525_21-36-51: [INFO   ] COURSES finished successfully
030525_21-36-51: [INFO   ] directory: C:\Users\nick\Desktop\Schedulify
030525_21-36-51: [INFO   ] Successfully parsed 100 courses.
030525_21-36-51: [ERROR  ] no valid choices were found, aborting...
030525_21-36-51: [INFO   ] Error, unable to complete SCHEDULES
030525_21-37-08: [ERROR  ] Error: Invalid course ID at line 2: #include <algorithm>
030525_21-37-08: [ERROR  ] No valid courses found in the input.
030525_21-37-08: [ERROR  ] Error while parsing input data. aborting process
030525_21-37-11: [ERROR  ] Error: Invalid course ID at line 2: #include <algorithm>
030525_21-37-11: [ERROR  ] No valid courses found in the input.
030525_21-37-11: [ERROR  ] Error while parsing input data. aborting process
030525_21-37-11: [ERROR  ] Error: Invalid course ID at line 2: #include <algorithm>
030525_21-37-11: [ERROR  ] No valid courses found in the input.
030525_21-37-11: [ERROR  ] Error while parsing input data. aborting process
030525_21-37-11: [ERROR  ] Error: Invalid course ID at line 2: #include <algorithm>
030525_21-37-11: [ERROR  ] No valid courses found in the input.
030525_21-37-11: [ERROR  ] Error while parsing input data. aborting process
030525_21-37-11: [ERROR  ] Error: Invalid course ID at line 2: #include <algorithm>
030525_21-37-11: [ERROR  ] No valid courses found in the input.
030525_21-37-11: [ERROR  ] Error while parsing input data. aborting process
030525_21-37-11: [ERROR  ] Error: Invalid course ID at line 2: #include <algorithm>
030525_21-37-11: [ERROR  ] No valid courses found in the input.
030525_21-37-11: [ERROR  ] Error while parsing input data. aborting process
030525_21-37-11: [ERROR  ] Error: Invalid course ID at line 2: #include <algorithm>
030525_21-37-11: [ERROR  ] No valid courses found in the input.
030525_21-37-11: [ERROR  ] Error while parsing input data. aborting process
030525_21-37-11: [ERROR  ] Error: Invalid course ID at line 2: #include <algorithm>
030525_21-37-11: [ERROR  ] No valid courses found in the input.
030525_21-37-11: [ERROR  ] Error while parsing input data. aborting process
030525_21-37-12: [ERROR  ] Error: Invalid course ID at line 2: #include <algorithm>
030525_21-37-12: [ERROR  ] No valid courses found in the input.
030525_21-37-12: [ERROR  ] Error while parsing input data. aborting process
030525_21-37-50: [INFO   ] Successfully parsed 3 courses.
030525_21-38-58: [INFO   ] Starting schedule generation for 3 courses.
030525_21-38-58: [INFO   ] Generated 16 valid combinations for course ID 83112
030525_21-38-58: [INFO   ] Generated 16 combinations for course ID 83112
030525_21-38-58: [INFO   ] Generated 1 valid combinations for course ID 83533
030525_21-38-58: [INFO   ] Generated 1 combinations for course ID 83533
030525_21-38-58: [INFO   ] Generated 4 valid combinations for course ID 1
030525_21-38-58: [INFO   ] Generated 4 combinations for course ID 1
030525_21-38-58: [INFO   ] Finished schedule generation. Total valid schedules: 44
030525_21-39-28: [INFO   ] Starting schedule generation for 3 courses.
030525_21-39-28: [INFO   ] Generated 1 valid combinations for course ID 83533
030525_21-39-28: [INFO   ] Generated 1 combinations for course ID 83533
030525_21-39-28: [INFO   ] Generated 16 valid combinations for course ID 83112
030525_21-39-28: [INFO   ] Generated 16 combinations for course ID 83112
030525_21-39-28: [INFO   ] Generated 4 valid combinations for course ID 1
030525_21-39-28: [INFO   ] Generated 4 combinations for course ID 1
030525_21-39-28: [INFO   ] Finished schedule generation. Total valid schedules: 44
030525_21-39-39: [INFO   ] Starting schedule generation for 1 courses.
030525_21-39-39: [INFO   ] Generated 1 valid combinations for course ID 83533
030525_21-39-39: [INFO   ] Generated 1 combinations for course ID 83533
030525_21-39-39: [INFO   ] Finished schedule generation. Total valid schedules: 1
