070525_17-26-54: [INFO   ] directory: C:\Users\Elad\Documents\Degree Software Enginner\Second Year Bar-Ilan\Project In Software Engineering\Schedulify
070525_17-26-54: [INFO   ] Successfully parsed 3 courses.
070525_17-26-54: [INFO   ] output finish, can be seen in C:\Users\Elad\Documents\Degree Software Enginner\Second Year Bar-Ilan\Project In Software Engineering\Schedulify/data/V1.courseOutput.json
070525_17-26-54: [INFO   ] COURSES finished successfully
070525_17-26-54: [INFO   ] directory: C:\Users\Elad\Documents\Degree Software Enginner\Second Year Bar-Ilan\Project In Software Engineering\Schedulify
070525_17-26-54: [INFO   ] Successfully parsed 3 courses.
070525_17-26-54: [INFO   ] Starting schedule generation for 1 courses.
070525_17-26-54: [INFO   ] Generated 1 valid combinations for course ID 83533
070525_17-26-54: [INFO   ] Generated 1 combinations for course ID 83533
070525_17-26-54: [INFO   ] Finished schedule generation. Total valid schedules: 1
070525_17-26-54: [INFO   ] output finish, can be seen in C:\Users\Elad\Documents\Degree Software Enginner\Second Year Bar-Ilan\Project In Software Engineering\Schedulify/data/V1.schedOutput.json
070525_17-26-54: [INFO   ] SCHEDULES finished successfully
070525_17-28-46: [INFO   ] Successfully parsed 3 courses.
070525_17-28-48: [INFO   ] Starting schedule generation for 1 courses.
070525_17-28-48: [INFO   ] Generated 1 valid combinations for course ID 83533
070525_17-28-48: [INFO   ] Generated 1 combinations for course ID 83533
070525_17-28-48: [INFO   ] Finished schedule generation. Total valid schedules: 1
070525_18-33-10: [INFO   ] Successfully parsed 3 courses.
070525_18-33-18: [INFO   ] Starting schedule generation for 2 courses.
070525_18-33-18: [INFO   ] Generated 16 valid combinations for course ID 83112
070525_18-33-18: [INFO   ] Generated 16 combinations for course ID 83112
070525_18-33-18: [INFO   ] Generated 1 valid combinations for course ID 83533
070525_18-33-18: [INFO   ] Generated 1 combinations for course ID 83533
070525_18-33-18: [INFO   ] Finished schedule generation. Total valid schedules: 8
080525_21-40-08: [INFO   ] Starting schedule generation for 2 courses.
080525_21-40-08: [INFO   ] Generated 16 valid combinations for course ID 83112
080525_21-40-08: [INFO   ] Generated 16 combinations for course ID 83112
080525_21-40-08: [INFO   ] Generated 1 valid combinations for course ID 83533
080525_21-40-08: [INFO   ] Generated 1 combinations for course ID 83533
080525_21-40-08: [INFO   ] Finished schedule generation. Total valid schedules: 8
