090425_17-48-00: [INFO  ] Input parsing started
090425_17-48-00: [ERROR ] Found invalid Session,Room number must be from 1 - 999
090425_17-48-00: [ERROR ] Found invalid Session,Room number must be from 1 - 999
090425_17-48-00: [ERROR ] Found invalid Session,Room number must be from 1 - 999
090425_17-48-00: [ERROR ] Found invalid Session,Room number must be from 1 - 999
090425_17-48-00: [ERROR ] Found invalid Session,Building number must be from 1 - 9999
090425_17-48-00: [ERROR ] Found invalid Session,Building number must be from 1 - 9999
090425_17-48-00: [ERROR ] Found invalid Session,Room number must be from 1 - 999
090425_17-48-00: [ERROR ] Found invalid Session,Room number must be from 1 - 999
090425_17-48-00: [ERROR ] Found invalid Session,Room number must be from 1 - 999
090425_17-48-00: [ERROR ] Found invalid Session,Building number must be from 1 - 9999
090425_17-48-00: [ERROR ] Found invalid Session,Room number must be from 1 - 999
090425_17-48-00: [ERROR ] Found invalid Session,Room number must be from 1 - 999
090425_17-48-00: [ERROR ] Found invalid Session,Room number must be from 1 - 999
090425_17-48-00: [ERROR ] Found invalid Session,Room number must be from 1 - 999
090425_17-48-00: [ERROR ] Found invalid Session,Room number must be from 1 - 999
090425_17-48-00: [ERROR ] Found invalid Session,Room number must be from 1 - 999
090425_17-48-00: [INFO  ] Successfully parsed 3 courses.
090425_17-48-00: [INFO  ] User selected 3 valid courses.
090425_17-48-00: [INFO  ] initiate schedules builder
090425_17-48-00: [INFO  ] Starting schedule generation for 3 courses.
090425_17-48-00: [INFO  ] Generated 16 valid combinations for course ID 83112
090425_17-48-00: [INFO  ] Generated 16 combinations for course ID 83112
090425_17-48-00: [INFO  ] Generated 1 valid combinations for course ID 83533
090425_17-48-00: [INFO  ] Generated 1 combinations for course ID 83533
090425_17-48-00: [INFO  ] Generated 4 valid combinations for course ID 1
090425_17-48-00: [INFO  ] Generated 4 combinations for course ID 1
090425_17-48-00: [INFO  ] Conflict detected between course selections during backtracking.
090425_17-48-00: [INFO  ] Conflict detected between course selections during backtracking.
090425_17-48-00: [INFO  ] Conflict detected between course selections during backtracking.
090425_17-48-00: [INFO  ] Conflict detected between course selections during backtracking.
090425_17-48-00: [INFO  ] Conflict detected between course selections during backtracking.
090425_17-48-00: [INFO  ] Conflict detected between course selections during backtracking.
090425_17-48-00: [INFO  ] Conflict detected between course selections during backtracking.
090425_17-48-00: [INFO  ] Conflict detected between course selections during backtracking.
090425_17-48-00: [INFO  ] Finished schedule generation. Total valid schedules: 44
090425_17-48-00: [INFO  ] schedules build successfully, generating output
090425_17-48-00: [INFO  ] output finish, can be seen in ../data/V1.schedOutput.txt
