110525_13-58-06: [INFO   ] directory: C:\Users\nick\Desktop\Schedulify
110525_13-58-06: [INFO   ] Successfully parsed 3 courses.
110525_13-58-06: [INFO   ] output finish, can be seen in C:\Users\nick\Desktop\Schedulify/data/V1.courseOutput.json
110525_13-58-06: [INFO   ] COURSES finished successfully
110525_13-58-06: [INFO   ] directory: C:\Users\nick\Desktop\Schedulify
110525_13-58-06: [INFO   ] Successfully parsed 3 courses.
110525_13-58-06: [INFO   ] Starting schedule generation for 1 courses.
110525_13-58-06: [INFO   ] Generated 1 valid combinations for course ID 83533
110525_13-58-06: [INFO   ] Generated 1 combinations for course ID 83533
110525_13-58-06: [INFO   ] Finished schedule generation. Total valid schedules: 1
110525_13-58-06: [INFO   ] output finish, can be seen in C:\Users\nick\Desktop\Schedulify/data/V1.schedOutput.json
110525_13-58-06: [INFO   ] SCHEDULES finished successfully
110525_13-58-18: [INFO   ] Successfully parsed 3 courses.
110525_13-58-19: [INFO   ] Starting schedule generation for 3 courses.
110525_13-58-19: [INFO   ] Generated 16 valid combinations for course ID 83112
110525_13-58-19: [INFO   ] Generated 16 combinations for course ID 83112
110525_13-58-19: [INFO   ] Generated 1 valid combinations for course ID 83533
110525_13-58-19: [INFO   ] Generated 1 combinations for course ID 83533
110525_13-58-19: [INFO   ] Generated 4 valid combinations for course ID 1
110525_13-58-19: [INFO   ] Generated 4 combinations for course ID 1
110525_13-58-19: [INFO   ] Finished schedule generation. Total valid schedules: 44
110525_13-58-29: [INFO   ] Schedule successfully sent to printer with enhanced fit and quality settings
