110525_13-02-47: [INFO   ] directory: C:\Users\nick\Desktop\Schedulify
110525_13-02-47: [INFO   ] Successfully parsed 3 courses.
110525_13-02-47: [INFO   ] output finish, can be seen in C:\Users\nick\Desktop\Schedulify/data/V1.courseOutput.json
110525_13-02-47: [INFO   ] COURSES finished successfully
110525_13-02-47: [INFO   ] directory: C:\Users\nick\Desktop\Schedulify
110525_13-02-47: [INFO   ] Successfully parsed 3 courses.
110525_13-02-47: [INFO   ] Starting schedule generation for 1 courses.
110525_13-02-47: [INFO   ] Generated 1 valid combinations for course ID 83533
110525_13-02-47: [INFO   ] Generated 1 combinations for course ID 83533
110525_13-02-47: [INFO   ] Finished schedule generation. Total valid schedules: 1
110525_13-02-47: [INFO   ] output finish, can be seen in C:\Users\nick\Desktop\Schedulify/data/V1.schedOutput.json
110525_13-02-47: [INFO   ] SCHEDULES finished successfully
110525_13-03-00: [INFO   ] Successfully parsed 3 courses.
110525_13-03-03: [INFO   ] Starting schedule generation for 3 courses.
110525_13-03-03: [INFO   ] Generated 1 valid combinations for course ID 83533
110525_13-03-03: [INFO   ] Generated 1 combinations for course ID 83533
110525_13-03-03: [INFO   ] Generated 16 valid combinations for course ID 83112
110525_13-03-03: [INFO   ] Generated 16 combinations for course ID 83112
110525_13-03-03: [INFO   ] Generated 4 valid combinations for course ID 1
110525_13-03-03: [INFO   ] Generated 4 combinations for course ID 1
110525_13-03-03: [INFO   ] Finished schedule generation. Total valid schedules: 44
110525_13-04-07: [INFO   ] Schedule successfully sent to printer
110525_13-04-40: [INFO   ] Schedule successfully sent to printer
110525_13-05-08: [INFO   ] Schedule successfully sent to printer
