110525_14-31-54: [INFO   ] directory: C:\Users\nick\Desktop\Schedulify
110525_14-31-54: [INFO   ] Successfully parsed 3 courses.
110525_14-31-54: [INFO   ] output finish, can be seen in C:\Users\nick\Desktop\Schedulify/data/V1.courseOutput.json
110525_14-31-54: [INFO   ] COURSES finished successfully
110525_14-31-54: [INFO   ] directory: C:\Users\nick\Desktop\Schedulify
110525_14-31-54: [INFO   ] Successfully parsed 3 courses.
110525_14-31-54: [INFO   ] Starting schedule generation for 1 courses.
110525_14-31-54: [INFO   ] Generated 1 valid combinations for course ID 83533
110525_14-31-54: [INFO   ] Generated 1 combinations for course ID 83533
110525_14-31-54: [INFO   ] Finished schedule generation. Total valid schedules: 1
110525_14-31-54: [INFO   ] output finish, can be seen in C:\Users\nick\Desktop\Schedulify/data/V1.schedOutput.json
110525_14-31-54: [INFO   ] SCHEDULES finished successfully
110525_14-32-10: [INFO   ] Successfully parsed 3 courses.
110525_14-32-12: [INFO   ] Starting schedule generation for 3 courses.
110525_14-32-12: [INFO   ] Generated 16 valid combinations for course ID 83112
110525_14-32-12: [INFO   ] Generated 16 combinations for course ID 83112
110525_14-32-12: [INFO   ] Generated 1 valid combinations for course ID 83533
110525_14-32-12: [INFO   ] Generated 1 combinations for course ID 83533
110525_14-32-12: [INFO   ] Generated 4 valid combinations for course ID 1
110525_14-32-12: [INFO   ] Generated 4 combinations for course ID 1
110525_14-32-12: [INFO   ] Finished schedule generation. Total valid schedules: 44
110525_14-32-13: [INFO   ] Schedule successfully saved to PDF: C:/Users/nick/AppData/Local/Temp/temp_schedule_print.pdf
110525_14-32-13: [INFO   ] Temporary PDF generated. Size: 28623 bytes
110525_14-32-20: [INFO   ] Selected printer: Pantum-P2500W-Series FFFFFF
110525_14-32-20: [INFO   ] Printed PDF using Windows default print command
110525_14-32-20: [INFO   ] Schedule printed successfully and temporary file removed.
110525_14-32-54: [INFO   ] Schedule successfully saved to PDF: C:/Users/nick/AppData/Local/Temp/temp_schedule_print.pdf
110525_14-32-54: [INFO   ] Temporary PDF generated. Size: 28624 bytes
110525_14-33-01: [INFO   ] Selected printer: Pantum-P2500W-Series FFFFFF
110525_14-33-01: [INFO   ] Printed PDF using Windows default print command
110525_14-33-01: [INFO   ] Schedule printed successfully and temporary file removed.
110525_14-33-02: [INFO   ] Schedule successfully saved to PDF: C:/Users/nick/AppData/Local/Temp/temp_schedule_print.pdf
110525_14-33-02: [INFO   ] Temporary PDF generated. Size: 28624 bytes
110525_14-33-05: [INFO   ] Selected printer: Microsoft Print to PDF
110525_14-33-05: [INFO   ] Printed PDF using Windows default print command
110525_14-33-05: [INFO   ] Schedule printed successfully and temporary file removed.
110525_14-33-09: [INFO   ] Schedule successfully saved to PDF: C:/Users/nick/AppData/Local/Temp/temp_schedule_print.pdf
110525_14-33-09: [INFO   ] Temporary PDF generated. Size: 28789 bytes
110525_14-33-12: [INFO   ] Selected printer: Microsoft Print to PDF
110525_14-33-12: [INFO   ] Printed PDF using Windows default print command
110525_14-33-12: [INFO   ] Schedule printed successfully and temporary file removed.
