110525_13-31-12: [INFO   ] directory: C:\Users\nick\Desktop\Schedulify
110525_13-31-12: [INFO   ] Successfully parsed 3 courses.
110525_13-31-12: [INFO   ] output finish, can be seen in C:\Users\nick\Desktop\Schedulify/data/V1.courseOutput.json
110525_13-31-12: [INFO   ] COURSES finished successfully
110525_13-31-12: [INFO   ] directory: C:\Users\nick\Desktop\Schedulify
110525_13-31-12: [INFO   ] Successfully parsed 3 courses.
110525_13-31-12: [INFO   ] Starting schedule generation for 1 courses.
110525_13-31-12: [INFO   ] Generated 1 valid combinations for course ID 83533
110525_13-31-12: [INFO   ] Generated 1 combinations for course ID 83533
110525_13-31-12: [INFO   ] Finished schedule generation. Total valid schedules: 1
110525_13-31-12: [INFO   ] output finish, can be seen in C:\Users\nick\Desktop\Schedulify/data/V1.schedOutput.json
110525_13-31-12: [INFO   ] SCHEDULES finished successfully
110525_13-31-28: [INFO   ] Successfully parsed 3 courses.
110525_13-31-29: [INFO   ] Starting schedule generation for 2 courses.
110525_13-31-29: [INFO   ] Generated 16 valid combinations for course ID 83112
110525_13-31-29: [INFO   ] Generated 16 combinations for course ID 83112
110525_13-31-29: [INFO   ] Generated 1 valid combinations for course ID 83533
110525_13-31-29: [INFO   ] Generated 1 combinations for course ID 83533
110525_13-31-29: [INFO   ] Finished schedule generation. Total valid schedules: 12
110525_13-32-09: [INFO   ] Schedule successfully saved to PDF: C:/Users/nick/Desktop/schedule.pdf
110525_13-32-17: [INFO   ] Schedule successfully saved to PDF: C:/Users/nick/Desktop/schedule.pdf
