110525_10-35-38: [INFO   ] directory: C:\Users\Elad\Documents\Degree Software Enginner\Second Year Bar-Ilan\Project In Software Engineering\Schedulify
110525_10-35-38: [INFO   ] Successfully parsed 3 courses.
110525_10-35-38: [INFO   ] output finish, can be seen in C:\Users\Elad\Documents\Degree Software Enginner\Second Year Bar-Ilan\Project In Software Engineering\Schedulify/data/V1.courseOutput.json
110525_10-35-38: [INFO   ] COURSES finished successfully
110525_10-35-38: [INFO   ] directory: C:\Users\Elad\Documents\Degree Software Enginner\Second Year Bar-Ilan\Project In Software Engineering\Schedulify
110525_10-35-38: [INFO   ] Successfully parsed 3 courses.
110525_10-35-38: [INFO   ] Starting schedule generation for 1 courses.
110525_10-35-38: [INFO   ] Generated 1 valid combinations for course ID 83533
110525_10-35-38: [INFO   ] Generated 1 combinations for course ID 83533
110525_10-35-38: [INFO   ] Finished schedule generation. Total valid schedules: 1
110525_10-35-38: [INFO   ] output finish, can be seen in C:\Users\Elad\Documents\Degree Software Enginner\Second Year Bar-Ilan\Project In Software Engineering\Schedulify/data/V1.schedOutput.json
110525_10-35-38: [INFO   ] SCHEDULES finished successfully
110525_10-35-49: [INFO   ] Successfully parsed 3 courses.
110525_10-35-51: [INFO   ] Starting schedule generation for 3 courses.
110525_10-35-51: [INFO   ] Generated 16 valid combinations for course ID 83112
110525_10-35-51: [INFO   ] Generated 16 combinations for course ID 83112
110525_10-35-51: [INFO   ] Generated 1 valid combinations for course ID 83533
110525_10-35-51: [INFO   ] Generated 1 combinations for course ID 83533
110525_10-35-51: [INFO   ] Generated 4 valid combinations for course ID 1
110525_10-35-51: [INFO   ] Generated 4 combinations for course ID 1
110525_10-35-51: [INFO   ] Finished schedule generation. Total valid schedules: 30
