110525_14-21-54: [INFO   ] directory: C:\Users\nick\Desktop\Schedulify
110525_14-21-54: [INFO   ] Successfully parsed 3 courses.
110525_14-21-54: [INFO   ] output finish, can be seen in C:\Users\nick\Desktop\Schedulify/data/V1.courseOutput.json
110525_14-21-54: [INFO   ] COURSES finished successfully
110525_14-21-54: [INFO   ] directory: C:\Users\nick\Desktop\Schedulify
110525_14-21-54: [INFO   ] Successfully parsed 3 courses.
110525_14-21-54: [INFO   ] Starting schedule generation for 1 courses.
110525_14-21-54: [INFO   ] Generated 1 valid combinations for course ID 83533
110525_14-21-54: [INFO   ] Generated 1 combinations for course ID 83533
110525_14-21-54: [INFO   ] Finished schedule generation. Total valid schedules: 1
110525_14-21-54: [INFO   ] output finish, can be seen in C:\Users\nick\Desktop\Schedulify/data/V1.schedOutput.json
110525_14-21-54: [INFO   ] SCHEDULES finished successfully
110525_14-22-16: [INFO   ] Successfully parsed 3 courses.
110525_14-22-18: [INFO   ] Starting schedule generation for 3 courses.
110525_14-22-18: [INFO   ] Generated 16 valid combinations for course ID 83112
110525_14-22-18: [INFO   ] Generated 16 combinations for course ID 83112
110525_14-22-18: [INFO   ] Generated 1 valid combinations for course ID 83533
110525_14-22-18: [INFO   ] Generated 1 combinations for course ID 83533
110525_14-22-18: [INFO   ] Generated 4 valid combinations for course ID 1
110525_14-22-18: [INFO   ] Generated 4 combinations for course ID 1
110525_14-22-18: [INFO   ] Finished schedule generation. Total valid schedules: 44
110525_14-22-19: [INFO   ] Schedule successfully saved to PDF: C:/Users/nick/AppData/Local/Temp/temp_schedule_print.pdf
110525_14-22-19: [INFO   ] Temporary PDF generated. Size: 28648 bytes
110525_14-22-29: [INFO   ] HTML content generated for printing. Length: 11946
110525_14-22-29: [INFO   ] Schedule printed successfully.
