110525_13-51-30: [INFO   ] directory: C:\Users\nick\Desktop\Schedulify
110525_13-51-30: [INFO   ] Successfully parsed 3 courses.
110525_13-51-30: [INFO   ] output finish, can be seen in C:\Users\nick\Desktop\Schedulify/data/V1.courseOutput.json
110525_13-51-30: [INFO   ] COURSES finished successfully
110525_13-51-30: [INFO   ] directory: C:\Users\nick\Desktop\Schedulify
110525_13-51-30: [INFO   ] Successfully parsed 3 courses.
110525_13-51-30: [INFO   ] Starting schedule generation for 1 courses.
110525_13-51-30: [INFO   ] Generated 1 valid combinations for course ID 83533
110525_13-51-30: [INFO   ] Generated 1 combinations for course ID 83533
110525_13-51-30: [INFO   ] Finished schedule generation. Total valid schedules: 1
110525_13-51-30: [INFO   ] output finish, can be seen in C:\Users\nick\Desktop\Schedulify/data/V1.schedOutput.json
110525_13-51-30: [INFO   ] SCHEDULES finished successfully
110525_13-51-39: [INFO   ] Successfully parsed 3 courses.
110525_13-51-41: [INFO   ] Starting schedule generation for 3 courses.
110525_13-51-41: [INFO   ] Generated 16 valid combinations for course ID 83112
110525_13-51-41: [INFO   ] Generated 16 combinations for course ID 83112
110525_13-51-41: [INFO   ] Generated 1 valid combinations for course ID 83533
110525_13-51-41: [INFO   ] Generated 1 combinations for course ID 83533
110525_13-51-41: [INFO   ] Generated 4 valid combinations for course ID 1
110525_13-51-41: [INFO   ] Generated 4 combinations for course ID 1
110525_13-51-41: [INFO   ] Finished schedule generation. Total valid schedules: 44
110525_13-51-42: [ERROR  ] Cannot print screenshot: widget parameter required. Use printSchedule(schedule, widget) instead.
110525_13-51-47: [ERROR  ] Cannot print screenshot: widget parameter required. Use printSchedule(schedule, widget) instead.
110525_13-51-50: [ERROR  ] Cannot print screenshot: widget parameter required. Use printSchedule(schedule, widget) instead.
110525_13-51-50: [ERROR  ] Cannot print screenshot: widget parameter required. Use printSchedule(schedule, widget) instead.
110525_13-51-50: [ERROR  ] Cannot print screenshot: widget parameter required. Use printSchedule(schedule, widget) instead.
110525_13-51-50: [ERROR  ] Cannot print screenshot: widget parameter required. Use printSchedule(schedule, widget) instead.
110525_13-51-50: [ERROR  ] Cannot print screenshot: widget parameter required. Use printSchedule(schedule, widget) instead.
110525_13-51-53: [ERROR  ] Cannot print screenshot: widget parameter required. Use printSchedule(schedule, widget) instead.
110525_13-51-53: [ERROR  ] Cannot print screenshot: widget parameter required. Use printSchedule(schedule, widget) instead.
110525_13-51-53: [ERROR  ] Cannot print screenshot: widget parameter required. Use printSchedule(schedule, widget) instead.
110525_13-51-53: [ERROR  ] Cannot print screenshot: widget parameter required. Use printSchedule(schedule, widget) instead.
110525_13-51-53: [ERROR  ] Cannot print screenshot: widget parameter required. Use printSchedule(schedule, widget) instead.
110525_13-51-54: [ERROR  ] Cannot print screenshot: widget parameter required. Use printSchedule(schedule, widget) instead.
110525_13-51-54: [ERROR  ] Cannot print screenshot: widget parameter required. Use printSchedule(schedule, widget) instead.
110525_13-51-54: [ERROR  ] Cannot print screenshot: widget parameter required. Use printSchedule(schedule, widget) instead.
110525_13-51-54: [ERROR  ] Cannot print screenshot: widget parameter required. Use printSchedule(schedule, widget) instead.
