110525_15-17-56: [INFO   ] directory: C:\Users\nick\Desktop\Schedulify
110525_15-17-56: [INFO   ] Successfully parsed 3 courses.
110525_15-17-56: [INFO   ] output finish, can be seen in C:\Users\nick\Desktop\Schedulify/data/V1.courseOutput.json
110525_15-17-56: [INFO   ] COURSES finished successfully
110525_15-17-56: [INFO   ] directory: C:\Users\nick\Desktop\Schedulify
110525_15-17-56: [INFO   ] Successfully parsed 3 courses.
110525_15-17-56: [INFO   ] Starting schedule generation for 1 courses.
110525_15-17-56: [INFO   ] Generated 1 valid combinations for course ID 83533
110525_15-17-56: [INFO   ] Generated 1 combinations for course ID 83533
110525_15-17-56: [INFO   ] Finished schedule generation. Total valid schedules: 1
110525_15-17-56: [INFO   ] output finish, can be seen in C:\Users\nick\Desktop\Schedulify/data/V1.schedOutput.json
110525_15-17-56: [INFO   ] SCHEDULES finished successfully
110525_15-18-01: [INFO   ] Successfully parsed 3 courses.
110525_15-18-03: [INFO   ] Starting schedule generation for 3 courses.
110525_15-18-03: [INFO   ] Generated 16 valid combinations for course ID 83112
110525_15-18-03: [INFO   ] Generated 16 combinations for course ID 83112
110525_15-18-03: [INFO   ] Generated 1 valid combinations for course ID 83533
110525_15-18-03: [INFO   ] Generated 1 combinations for course ID 83533
110525_15-18-03: [INFO   ] Generated 4 valid combinations for course ID 1
110525_15-18-03: [INFO   ] Generated 4 combinations for course ID 1
110525_15-18-03: [INFO   ] Finished schedule generation. Total valid schedules: 44
110525_15-20-20: [INFO   ] Schedule successfully saved to PDF: C:/Users/nick/schedule.pdf
