110525_14-29-24: [INFO   ] directory: C:\Users\nick\Desktop\Schedulify
110525_14-29-24: [INFO   ] Successfully parsed 3 courses.
110525_14-29-24: [INFO   ] output finish, can be seen in C:\Users\nick\Desktop\Schedulify/data/V1.courseOutput.json
110525_14-29-24: [INFO   ] COURSES finished successfully
110525_14-29-24: [INFO   ] directory: C:\Users\nick\Desktop\Schedulify
110525_14-29-24: [INFO   ] Successfully parsed 3 courses.
110525_14-29-24: [INFO   ] Starting schedule generation for 1 courses.
110525_14-29-24: [INFO   ] Generated 1 valid combinations for course ID 83533
110525_14-29-24: [INFO   ] Generated 1 combinations for course ID 83533
110525_14-29-24: [INFO   ] Finished schedule generation. Total valid schedules: 1
110525_14-29-24: [INFO   ] output finish, can be seen in C:\Users\nick\Desktop\Schedulify/data/V1.schedOutput.json
110525_14-29-24: [INFO   ] SCHEDULES finished successfully
110525_14-29-36: [INFO   ] Successfully parsed 3 courses.
110525_14-29-38: [INFO   ] Starting schedule generation for 3 courses.
110525_14-29-38: [INFO   ] Generated 16 valid combinations for course ID 83112
110525_14-29-38: [INFO   ] Generated 16 combinations for course ID 83112
110525_14-29-38: [INFO   ] Generated 1 valid combinations for course ID 83533
110525_14-29-38: [INFO   ] Generated 1 combinations for course ID 83533
110525_14-29-38: [INFO   ] Generated 4 valid combinations for course ID 1
110525_14-29-38: [INFO   ] Generated 4 combinations for course ID 1
110525_14-29-38: [INFO   ] Finished schedule generation. Total valid schedules: 44
110525_14-29-39: [INFO   ] Schedule successfully saved to PDF: C:/Users/nick/AppData/Local/Temp/temp_schedule_print.pdf
110525_14-29-39: [INFO   ] Temporary PDF generated. Size: 28792 bytes
110525_14-29-39: [INFO   ] Opened PDF in default viewer for printing (Windows)
110525_14-29-39: [INFO   ] Schedule ready for printing via system PDF viewer.
