110525_20-08-24: [INFO   ] directory: C:\Users\Elad\Documents\Degree Software Enginner\Second Year Bar-Ilan\Project In Software Engineering\Version 2.0
110525_20-08-24: [INFO   ] Successfully parsed 3 courses.
110525_20-08-24: [INFO   ] output finish, can be seen in C:\Users\Elad\Documents\Degree Software Enginner\Second Year Bar-Ilan\Project In Software Engineering\Version 2.0/data/V1.courseOutput.json
110525_20-08-24: [INFO   ] COURSES finished successfully
110525_20-08-24: [INFO   ] directory: C:\Users\Elad\Documents\Degree Software Enginner\Second Year Bar-Ilan\Project In Software Engineering\Version 2.0
110525_20-08-24: [INFO   ] Successfully parsed 3 courses.
110525_20-08-24: [INFO   ] Starting schedule generation for 1 courses.
110525_20-08-24: [INFO   ] Generated 1 valid combinations for course ID 83533
110525_20-08-24: [INFO   ] Generated 1 combinations for course ID 83533
110525_20-08-24: [INFO   ] Finished schedule generation. Total valid schedules: 1
110525_20-08-24: [INFO   ] output finish, can be seen in C:\Users\Elad\Documents\Degree Software Enginner\Second Year Bar-Ilan\Project In Software Engineering\Version 2.0/data/V1.schedOutput.json
110525_20-08-24: [INFO   ] SCHEDULES finished successfully
110525_20-08-46: [INFO   ] Successfully parsed 3 courses.
110525_20-08-49: [INFO   ] Starting schedule generation for 3 courses.
110525_20-08-49: [INFO   ] Generated 1 valid combinations for course ID 83533
110525_20-08-49: [INFO   ] Generated 1 combinations for course ID 83533
110525_20-08-49: [INFO   ] Generated 16 valid combinations for course ID 83112
110525_20-08-49: [INFO   ] Generated 16 combinations for course ID 83112
110525_20-08-49: [INFO   ] Generated 4 valid combinations for course ID 1
110525_20-08-49: [INFO   ] Generated 4 combinations for course ID 1
110525_20-08-49: [INFO   ] Finished schedule generation. Total valid schedules: 30
110525_20-09-28: [INFO   ] Schedule successfully saved to PDF: C:/Users/Elad/Desktop/111.pdf
110525_20-09-28: [INFO   ] Schedule saved to PDF: C:/Users/Elad/Desktop/111.pdf
110525_20-09-48: [INFO   ] Starting schedule generation for 3 courses.
110525_20-09-48: [INFO   ] Generated 1 valid combinations for course ID 83533
110525_20-09-48: [INFO   ] Generated 1 combinations for course ID 83533
110525_20-09-48: [INFO   ] Generated 16 valid combinations for course ID 83112
110525_20-09-48: [INFO   ] Generated 16 combinations for course ID 83112
110525_20-09-48: [INFO   ] Generated 4 valid combinations for course ID 1
110525_20-09-48: [INFO   ] Generated 4 combinations for course ID 1
110525_20-09-48: [INFO   ] Finished schedule generation. Total valid schedules: 30
