110525_13-17-15: [INFO   ] directory: C:\Users\nick\Desktop\Schedulify
110525_13-17-15: [INFO   ] Successfully parsed 3 courses.
110525_13-17-15: [INFO   ] output finish, can be seen in C:\Users\nick\Desktop\Schedulify/data/V1.courseOutput.json
110525_13-17-15: [INFO   ] COURSES finished successfully
110525_13-17-15: [INFO   ] directory: C:\Users\nick\Desktop\Schedulify
110525_13-17-15: [INFO   ] Successfully parsed 3 courses.
110525_13-17-15: [INFO   ] Starting schedule generation for 1 courses.
110525_13-17-15: [INFO   ] Generated 1 valid combinations for course ID 83533
110525_13-17-15: [INFO   ] Generated 1 combinations for course ID 83533
110525_13-17-15: [INFO   ] Finished schedule generation. Total valid schedules: 1
110525_13-17-15: [INFO   ] output finish, can be seen in C:\Users\nick\Desktop\Schedulify/data/V1.schedOutput.json
110525_13-17-15: [INFO   ] SCHEDULES finished successfully
110525_13-17-23: [INFO   ] Successfully parsed 3 courses.
110525_13-17-26: [INFO   ] Starting schedule generation for 2 courses.
110525_13-17-26: [INFO   ] Generated 16 valid combinations for course ID 83112
110525_13-17-26: [INFO   ] Generated 16 combinations for course ID 83112
110525_13-17-26: [INFO   ] Generated 1 valid combinations for course ID 83533
110525_13-17-26: [INFO   ] Generated 1 combinations for course ID 83533
110525_13-17-26: [INFO   ] Finished schedule generation. Total valid schedules: 12
110525_13-17-26: [INFO   ] Starting schedule generation for 2 courses.
110525_13-17-26: [INFO   ] Generated 16 valid combinations for course ID 83112
110525_13-17-26: [INFO   ] Generated 16 combinations for course ID 83112
110525_13-17-26: [INFO   ] Generated 1 valid combinations for course ID 83533
110525_13-17-26: [INFO   ] Generated 1 combinations for course ID 83533
110525_13-17-26: [INFO   ] Finished schedule generation. Total valid schedules: 12
110525_13-17-26: [INFO   ] Starting schedule generation for 2 courses.
110525_13-17-26: [INFO   ] Generated 16 valid combinations for course ID 83112
110525_13-17-26: [INFO   ] Generated 16 combinations for course ID 83112
110525_13-17-26: [INFO   ] Generated 1 valid combinations for course ID 83533
110525_13-17-26: [INFO   ] Generated 1 combinations for course ID 83533
110525_13-17-26: [INFO   ] Finished schedule generation. Total valid schedules: 12
110525_13-17-27: [INFO   ] Starting schedule generation for 2 courses.
110525_13-17-27: [INFO   ] Generated 16 valid combinations for course ID 83112
110525_13-17-27: [INFO   ] Generated 16 combinations for course ID 83112
110525_13-17-27: [INFO   ] Generated 1 valid combinations for course ID 83533
110525_13-17-27: [INFO   ] Generated 1 combinations for course ID 83533
110525_13-17-27: [INFO   ] Finished schedule generation. Total valid schedules: 12
110525_13-17-27: [INFO   ] Starting schedule generation for 2 courses.
110525_13-17-27: [INFO   ] Generated 16 valid combinations for course ID 83112
110525_13-17-27: [INFO   ] Generated 16 combinations for course ID 83112
110525_13-17-27: [INFO   ] Generated 1 valid combinations for course ID 83533
110525_13-17-27: [INFO   ] Generated 1 combinations for course ID 83533
110525_13-17-27: [INFO   ] Finished schedule generation. Total valid schedules: 12
110525_13-17-27: [INFO   ] Starting schedule generation for 2 courses.
110525_13-17-27: [INFO   ] Generated 16 valid combinations for course ID 83112
110525_13-17-27: [INFO   ] Generated 16 combinations for course ID 83112
110525_13-17-27: [INFO   ] Generated 1 valid combinations for course ID 83533
110525_13-17-27: [INFO   ] Generated 1 combinations for course ID 83533
110525_13-17-27: [INFO   ] Finished schedule generation. Total valid schedules: 12
