110525_14-50-53: [INFO   ] directory: C:\Users\nick\Desktop\Schedulify
110525_14-50-53: [INFO   ] Successfully parsed 3 courses.
110525_14-50-53: [INFO   ] output finish, can be seen in C:\Users\nick\Desktop\Schedulify/data/V1.courseOutput.json
110525_14-50-53: [INFO   ] COURSES finished successfully
110525_14-50-53: [INFO   ] directory: C:\Users\nick\Desktop\Schedulify
110525_14-50-53: [INFO   ] Successfully parsed 3 courses.
110525_14-50-53: [INFO   ] Starting schedule generation for 1 courses.
110525_14-50-53: [INFO   ] Generated 1 valid combinations for course ID 83533
110525_14-50-53: [INFO   ] Generated 1 combinations for course ID 83533
110525_14-50-53: [INFO   ] Finished schedule generation. Total valid schedules: 1
110525_14-50-53: [INFO   ] output finish, can be seen in C:\Users\nick\Desktop\Schedulify/data/V1.schedOutput.json
110525_14-50-53: [INFO   ] SCHEDULES finished successfully
110525_14-51-02: [INFO   ] Successfully parsed 3 courses.
110525_14-51-04: [INFO   ] Starting schedule generation for 3 courses.
110525_14-51-04: [INFO   ] Generated 16 valid combinations for course ID 83112
110525_14-51-04: [INFO   ] Generated 16 combinations for course ID 83112
110525_14-51-04: [INFO   ] Generated 1 valid combinations for course ID 83533
110525_14-51-04: [INFO   ] Generated 1 combinations for course ID 83533
110525_14-51-04: [INFO   ] Generated 4 valid combinations for course ID 1
110525_14-51-04: [INFO   ] Generated 4 combinations for course ID 1
110525_14-51-04: [INFO   ] Finished schedule generation. Total valid schedules: 44
110525_14-51-11: [INFO   ] Using legacy PDF generation method without widget
110525_14-51-11: [INFO   ] Schedule successfully saved to PDF: C:/Users/nick/Desktop/schedule.pdf
110525_14-51-17: [INFO   ] Using legacy print method without widget
110525_14-51-17: [INFO   ] Using legacy PDF generation method without widget
110525_14-51-17: [INFO   ] Schedule successfully saved to PDF: C:/Users/nick/AppData/Local/Temp/temp_schedule_print.pdf
110525_14-51-25: [INFO   ] Schedule printed successfully.
