110525_14-09-51: [INFO   ] directory: C:\Users\nick\Desktop\Schedulify
110525_14-09-51: [INFO   ] Successfully parsed 3 courses.
110525_14-09-51: [INFO   ] output finish, can be seen in C:\Users\nick\Desktop\Schedulify/data/V1.courseOutput.json
110525_14-09-51: [INFO   ] COURSES finished successfully
110525_14-09-51: [INFO   ] directory: C:\Users\nick\Desktop\Schedulify
110525_14-09-51: [INFO   ] Successfully parsed 3 courses.
110525_14-09-51: [INFO   ] Starting schedule generation for 1 courses.
110525_14-09-51: [INFO   ] Generated 1 valid combinations for course ID 83533
110525_14-09-51: [INFO   ] Generated 1 combinations for course ID 83533
110525_14-09-51: [INFO   ] Finished schedule generation. Total valid schedules: 1
110525_14-09-51: [INFO   ] output finish, can be seen in C:\Users\nick\Desktop\Schedulify/data/V1.schedOutput.json
110525_14-09-51: [INFO   ] SCHEDULES finished successfully
110525_14-10-02: [INFO   ] Successfully parsed 3 courses.
110525_14-10-04: [INFO   ] Starting schedule generation for 3 courses.
110525_14-10-04: [INFO   ] Generated 16 valid combinations for course ID 83112
110525_14-10-04: [INFO   ] Generated 16 combinations for course ID 83112
110525_14-10-04: [INFO   ] Generated 1 valid combinations for course ID 83533
110525_14-10-04: [INFO   ] Generated 1 combinations for course ID 83533
110525_14-10-04: [INFO   ] Generated 4 valid combinations for course ID 1
110525_14-10-04: [INFO   ] Generated 4 combinations for course ID 1
110525_14-10-04: [INFO   ] Finished schedule generation. Total valid schedules: 44
110525_14-10-06: [INFO   ] Schedule successfully saved to PDF: C:/Users/nick/AppData/Local/Temp/temp_schedule_print.pdf
110525_14-10-11: [INFO   ] Schedule printed successfully.
110525_14-10-22: [INFO   ] Schedule successfully saved to PDF: C:/Users/nick/AppData/Local/Temp/temp_schedule_print.pdf
110525_14-10-22: [INFO   ] Schedule printed successfully.
110525_14-10-32: [INFO   ] Schedule successfully saved to PDF: C:/Users/nick/AppData/Local/Temp/temp_schedule_print.pdf
110525_14-10-32: [INFO   ] Schedule printed successfully.
110525_14-10-39: [INFO   ] Schedule successfully saved to PDF: C:/Users/nick/schedule.pdf
110525_14-10-45: [INFO   ] Schedule successfully saved to PDF: C:/Users/nick/AppData/Local/Temp/temp_schedule_print.pdf
110525_14-10-45: [INFO   ] Schedule printed successfully.
110525_14-10-46: [INFO   ] Schedule successfully saved to PDF: C:/Users/nick/AppData/Local/Temp/temp_schedule_print.pdf
110525_14-10-47: [INFO   ] Schedule printed successfully.
110525_14-10-47: [INFO   ] Schedule successfully saved to PDF: C:/Users/nick/AppData/Local/Temp/temp_schedule_print.pdf
110525_14-10-47: [INFO   ] Schedule printed successfully.
110525_14-10-47: [INFO   ] Schedule successfully saved to PDF: C:/Users/nick/AppData/Local/Temp/temp_schedule_print.pdf
110525_14-10-47: [INFO   ] Schedule printed successfully.
110525_14-10-47: [INFO   ] Schedule successfully saved to PDF: C:/Users/nick/AppData/Local/Temp/temp_schedule_print.pdf
110525_14-10-48: [INFO   ] Schedule printed successfully.
110525_14-10-48: [INFO   ] Schedule successfully saved to PDF: C:/Users/nick/AppData/Local/Temp/temp_schedule_print.pdf
110525_14-10-48: [INFO   ] Schedule printed successfully.
110525_14-10-48: [INFO   ] Schedule successfully saved to PDF: C:/Users/nick/AppData/Local/Temp/temp_schedule_print.pdf
110525_14-10-49: [INFO   ] Schedule printed successfully.
110525_14-10-49: [INFO   ] Schedule successfully saved to PDF: C:/Users/nick/AppData/Local/Temp/temp_schedule_print.pdf
110525_14-10-49: [INFO   ] Schedule printed successfully.
110525_14-10-49: [INFO   ] Schedule successfully saved to PDF: C:/Users/nick/AppData/Local/Temp/temp_schedule_print.pdf
110525_14-10-49: [INFO   ] Schedule printed successfully.
