110525_13-13-26: [INFO   ] directory: C:\Users\nick\Desktop\Schedulify
110525_13-13-26: [INFO   ] Successfully parsed 3 courses.
110525_13-13-26: [INFO   ] output finish, can be seen in C:\Users\nick\Desktop\Schedulify/data/V1.courseOutput.json
110525_13-13-26: [INFO   ] COURSES finished successfully
110525_13-13-26: [INFO   ] directory: C:\Users\nick\Desktop\Schedulify
110525_13-13-26: [INFO   ] Successfully parsed 3 courses.
110525_13-13-26: [INFO   ] Starting schedule generation for 1 courses.
110525_13-13-26: [INFO   ] Generated 1 valid combinations for course ID 83533
110525_13-13-26: [INFO   ] Generated 1 combinations for course ID 83533
110525_13-13-26: [INFO   ] Finished schedule generation. Total valid schedules: 1
110525_13-13-26: [INFO   ] output finish, can be seen in C:\Users\nick\Desktop\Schedulify/data/V1.schedOutput.json
110525_13-13-26: [INFO   ] SCHEDULES finished successfully
110525_13-13-36: [INFO   ] Successfully parsed 3 courses.
110525_13-13-37: [INFO   ] Starting schedule generation for 2 courses.
110525_13-13-37: [INFO   ] Generated 16 valid combinations for course ID 83112
110525_13-13-37: [INFO   ] Generated 16 combinations for course ID 83112
110525_13-13-37: [INFO   ] Generated 1 valid combinations for course ID 83533
110525_13-13-37: [INFO   ] Generated 1 combinations for course ID 83533
110525_13-13-37: [INFO   ] Finished schedule generation. Total valid schedules: 12
110525_13-13-38: [INFO   ] Starting schedule generation for 2 courses.
110525_13-13-38: [INFO   ] Generated 16 valid combinations for course ID 83112
110525_13-13-38: [INFO   ] Generated 16 combinations for course ID 83112
110525_13-13-38: [INFO   ] Generated 1 valid combinations for course ID 83533
110525_13-13-38: [INFO   ] Generated 1 combinations for course ID 83533
110525_13-13-38: [INFO   ] Finished schedule generation. Total valid schedules: 12
110525_13-13-38: [INFO   ] Starting schedule generation for 2 courses.
110525_13-13-38: [INFO   ] Generated 16 valid combinations for course ID 83112
110525_13-13-38: [INFO   ] Generated 16 combinations for course ID 83112
110525_13-13-38: [INFO   ] Generated 1 valid combinations for course ID 83533
110525_13-13-38: [INFO   ] Generated 1 combinations for course ID 83533
110525_13-13-38: [INFO   ] Finished schedule generation. Total valid schedules: 12
110525_13-13-38: [INFO   ] Starting schedule generation for 2 courses.
110525_13-13-38: [INFO   ] Generated 16 valid combinations for course ID 83112
110525_13-13-38: [INFO   ] Generated 16 combinations for course ID 83112
110525_13-13-38: [INFO   ] Generated 1 valid combinations for course ID 83533
110525_13-13-38: [INFO   ] Generated 1 combinations for course ID 83533
110525_13-13-38: [INFO   ] Finished schedule generation. Total valid schedules: 12
110525_13-13-38: [INFO   ] Starting schedule generation for 2 courses.
110525_13-13-38: [INFO   ] Generated 16 valid combinations for course ID 83112
110525_13-13-38: [INFO   ] Generated 16 combinations for course ID 83112
110525_13-13-38: [INFO   ] Generated 1 valid combinations for course ID 83533
110525_13-13-38: [INFO   ] Generated 1 combinations for course ID 83533
110525_13-13-38: [INFO   ] Finished schedule generation. Total valid schedules: 12
110525_13-13-38: [INFO   ] Starting schedule generation for 2 courses.
110525_13-13-38: [INFO   ] Generated 16 valid combinations for course ID 83112
110525_13-13-38: [INFO   ] Generated 16 combinations for course ID 83112
110525_13-13-38: [INFO   ] Generated 1 valid combinations for course ID 83533
110525_13-13-38: [INFO   ] Generated 1 combinations for course ID 83533
110525_13-13-38: [INFO   ] Finished schedule generation. Total valid schedules: 12
110525_13-13-38: [INFO   ] Starting schedule generation for 2 courses.
110525_13-13-38: [INFO   ] Generated 16 valid combinations for course ID 83112
110525_13-13-38: [INFO   ] Generated 16 combinations for course ID 83112
110525_13-13-38: [INFO   ] Generated 1 valid combinations for course ID 83533
110525_13-13-38: [INFO   ] Generated 1 combinations for course ID 83533
110525_13-13-38: [INFO   ] Finished schedule generation. Total valid schedules: 12
110525_13-13-39: [INFO   ] Starting schedule generation for 2 courses.
110525_13-13-39: [INFO   ] Generated 16 valid combinations for course ID 83112
110525_13-13-39: [INFO   ] Generated 16 combinations for course ID 83112
110525_13-13-39: [INFO   ] Generated 1 valid combinations for course ID 83533
110525_13-13-39: [INFO   ] Generated 1 combinations for course ID 83533
110525_13-13-39: [INFO   ] Finished schedule generation. Total valid schedules: 12
110525_13-13-39: [INFO   ] Starting schedule generation for 2 courses.
110525_13-13-39: [INFO   ] Generated 16 valid combinations for course ID 83112
110525_13-13-39: [INFO   ] Generated 16 combinations for course ID 83112
110525_13-13-39: [INFO   ] Generated 1 valid combinations for course ID 83533
110525_13-13-39: [INFO   ] Generated 1 combinations for course ID 83533
110525_13-13-39: [INFO   ] Finished schedule generation. Total valid schedules: 12
110525_13-13-39: [INFO   ] Starting schedule generation for 2 courses.
110525_13-13-39: [INFO   ] Generated 16 valid combinations for course ID 83112
110525_13-13-39: [INFO   ] Generated 16 combinations for course ID 83112
110525_13-13-39: [INFO   ] Generated 1 valid combinations for course ID 83533
110525_13-13-39: [INFO   ] Generated 1 combinations for course ID 83533
110525_13-13-39: [INFO   ] Finished schedule generation. Total valid schedules: 12
110525_13-13-39: [INFO   ] Starting schedule generation for 2 courses.
110525_13-13-39: [INFO   ] Generated 16 valid combinations for course ID 83112
110525_13-13-39: [INFO   ] Generated 16 combinations for course ID 83112
110525_13-13-39: [INFO   ] Generated 1 valid combinations for course ID 83533
110525_13-13-39: [INFO   ] Generated 1 combinations for course ID 83533
110525_13-13-39: [INFO   ] Finished schedule generation. Total valid schedules: 12
110525_13-13-39: [INFO   ] Starting schedule generation for 2 courses.
110525_13-13-39: [INFO   ] Generated 16 valid combinations for course ID 83112
110525_13-13-39: [INFO   ] Generated 16 combinations for course ID 83112
110525_13-13-39: [INFO   ] Generated 1 valid combinations for course ID 83533
110525_13-13-39: [INFO   ] Generated 1 combinations for course ID 83533
110525_13-13-39: [INFO   ] Finished schedule generation. Total valid schedules: 12
110525_13-13-39: [INFO   ] Starting schedule generation for 2 courses.
110525_13-13-39: [INFO   ] Generated 16 valid combinations for course ID 83112
110525_13-13-39: [INFO   ] Generated 16 combinations for course ID 83112
110525_13-13-39: [INFO   ] Generated 1 valid combinations for course ID 83533
110525_13-13-39: [INFO   ] Generated 1 combinations for course ID 83533
110525_13-13-39: [INFO   ] Finished schedule generation. Total valid schedules: 12
110525_13-13-40: [INFO   ] Starting schedule generation for 2 courses.
110525_13-13-40: [INFO   ] Generated 16 valid combinations for course ID 83112
110525_13-13-40: [INFO   ] Generated 16 combinations for course ID 83112
110525_13-13-40: [INFO   ] Generated 1 valid combinations for course ID 83533
110525_13-13-40: [INFO   ] Generated 1 combinations for course ID 83533
110525_13-13-40: [INFO   ] Finished schedule generation. Total valid schedules: 12
110525_13-13-40: [INFO   ] Starting schedule generation for 2 courses.
110525_13-13-40: [INFO   ] Generated 16 valid combinations for course ID 83112
110525_13-13-40: [INFO   ] Generated 16 combinations for course ID 83112
110525_13-13-40: [INFO   ] Generated 1 valid combinations for course ID 83533
110525_13-13-40: [INFO   ] Generated 1 combinations for course ID 83533
110525_13-13-40: [INFO   ] Finished schedule generation. Total valid schedules: 12
110525_13-13-40: [INFO   ] Starting schedule generation for 2 courses.
110525_13-13-40: [INFO   ] Generated 16 valid combinations for course ID 83112
110525_13-13-40: [INFO   ] Generated 16 combinations for course ID 83112
110525_13-13-40: [INFO   ] Generated 1 valid combinations for course ID 83533
110525_13-13-40: [INFO   ] Generated 1 combinations for course ID 83533
110525_13-13-40: [INFO   ] Finished schedule generation. Total valid schedules: 12
110525_13-13-40: [INFO   ] Starting schedule generation for 2 courses.
110525_13-13-40: [INFO   ] Generated 16 valid combinations for course ID 83112
110525_13-13-40: [INFO   ] Generated 16 combinations for course ID 83112
110525_13-13-40: [INFO   ] Generated 1 valid combinations for course ID 83533
110525_13-13-40: [INFO   ] Generated 1 combinations for course ID 83533
110525_13-13-40: [INFO   ] Finished schedule generation. Total valid schedules: 12
110525_13-13-41: [INFO   ] Starting schedule generation for 2 courses.
110525_13-13-41: [INFO   ] Generated 16 valid combinations for course ID 83112
110525_13-13-41: [INFO   ] Generated 16 combinations for course ID 83112
110525_13-13-41: [INFO   ] Generated 1 valid combinations for course ID 83533
110525_13-13-41: [INFO   ] Generated 1 combinations for course ID 83533
110525_13-13-41: [INFO   ] Finished schedule generation. Total valid schedules: 12
110525_13-13-41: [INFO   ] Starting schedule generation for 2 courses.
110525_13-13-41: [INFO   ] Generated 16 valid combinations for course ID 83112
110525_13-13-41: [INFO   ] Generated 16 combinations for course ID 83112
110525_13-13-41: [INFO   ] Generated 1 valid combinations for course ID 83533
110525_13-13-41: [INFO   ] Generated 1 combinations for course ID 83533
110525_13-13-41: [INFO   ] Finished schedule generation. Total valid schedules: 12
110525_13-13-41: [INFO   ] Starting schedule generation for 2 courses.
110525_13-13-41: [INFO   ] Generated 16 valid combinations for course ID 83112
110525_13-13-41: [INFO   ] Generated 16 combinations for course ID 83112
110525_13-13-41: [INFO   ] Generated 1 valid combinations for course ID 83533
110525_13-13-41: [INFO   ] Generated 1 combinations for course ID 83533
110525_13-13-41: [INFO   ] Finished schedule generation. Total valid schedules: 12
110525_13-13-41: [INFO   ] Starting schedule generation for 2 courses.
110525_13-13-41: [INFO   ] Generated 16 valid combinations for course ID 83112
110525_13-13-41: [INFO   ] Generated 16 combinations for course ID 83112
110525_13-13-41: [INFO   ] Generated 1 valid combinations for course ID 83533
110525_13-13-41: [INFO   ] Generated 1 combinations for course ID 83533
110525_13-13-41: [INFO   ] Finished schedule generation. Total valid schedules: 12
110525_13-13-44: [INFO   ] Starting schedule generation for 2 courses.
110525_13-13-44: [INFO   ] Generated 16 valid combinations for course ID 83112
110525_13-13-44: [INFO   ] Generated 16 combinations for course ID 83112
110525_13-13-44: [INFO   ] Generated 1 valid combinations for course ID 83533
110525_13-13-44: [INFO   ] Generated 1 combinations for course ID 83533
110525_13-13-44: [INFO   ] Finished schedule generation. Total valid schedules: 12
110525_13-13-44: [INFO   ] Starting schedule generation for 2 courses.
110525_13-13-44: [INFO   ] Generated 16 valid combinations for course ID 83112
110525_13-13-44: [INFO   ] Generated 16 combinations for course ID 83112
110525_13-13-44: [INFO   ] Generated 1 valid combinations for course ID 83533
110525_13-13-44: [INFO   ] Generated 1 combinations for course ID 83533
110525_13-13-44: [INFO   ] Finished schedule generation. Total valid schedules: 12
110525_13-13-44: [INFO   ] Starting schedule generation for 2 courses.
110525_13-13-44: [INFO   ] Generated 16 valid combinations for course ID 83112
110525_13-13-44: [INFO   ] Generated 16 combinations for course ID 83112
110525_13-13-44: [INFO   ] Generated 1 valid combinations for course ID 83533
110525_13-13-44: [INFO   ] Generated 1 combinations for course ID 83533
110525_13-13-44: [INFO   ] Finished schedule generation. Total valid schedules: 12
