110525_14-01-42: [INFO   ] directory: C:\Users\nick\Desktop\Schedulify
110525_14-01-42: [INFO   ] Successfully parsed 3 courses.
110525_14-01-42: [INFO   ] output finish, can be seen in C:\Users\nick\Desktop\Schedulify/data/V1.courseOutput.json
110525_14-01-42: [INFO   ] COURSES finished successfully
110525_14-01-42: [INFO   ] directory: C:\Users\nick\Desktop\Schedulify
110525_14-01-42: [INFO   ] Successfully parsed 3 courses.
110525_14-01-42: [INFO   ] Starting schedule generation for 1 courses.
110525_14-01-42: [INFO   ] Generated 1 valid combinations for course ID 83533
110525_14-01-42: [INFO   ] Generated 1 combinations for course ID 83533
110525_14-01-42: [INFO   ] Finished schedule generation. Total valid schedules: 1
110525_14-01-42: [INFO   ] output finish, can be seen in C:\Users\nick\Desktop\Schedulify/data/V1.schedOutput.json
110525_14-01-42: [INFO   ] SCHEDULES finished successfully
110525_14-02-00: [INFO   ] Successfully parsed 3 courses.
110525_14-02-02: [INFO   ] Starting schedule generation for 3 courses.
110525_14-02-02: [INFO   ] Generated 1 valid combinations for course ID 83533
110525_14-02-02: [INFO   ] Generated 1 combinations for course ID 83533
110525_14-02-02: [INFO   ] Generated 4 valid combinations for course ID 1
110525_14-02-02: [INFO   ] Generated 4 combinations for course ID 1
110525_14-02-02: [INFO   ] Generated 16 valid combinations for course ID 83112
110525_14-02-02: [INFO   ] Generated 16 combinations for course ID 83112
110525_14-02-02: [INFO   ] Finished schedule generation. Total valid schedules: 44
110525_14-02-10: [INFO   ] Schedule successfully sent to printer in landscape mode with enhanced quality settings
