110525_13-11-21: [INFO   ] directory: C:\Users\nick\Desktop\Schedulify
110525_13-11-21: [INFO   ] Successfully parsed 3 courses.
110525_13-11-21: [INFO   ] output finish, can be seen in C:\Users\nick\Desktop\Schedulify/data/V1.courseOutput.json
110525_13-11-21: [INFO   ] COURSES finished successfully
110525_13-11-21: [INFO   ] directory: C:\Users\nick\Desktop\Schedulify
110525_13-11-21: [INFO   ] Successfully parsed 3 courses.
110525_13-11-21: [INFO   ] Starting schedule generation for 1 courses.
110525_13-11-21: [INFO   ] Generated 1 valid combinations for course ID 83533
110525_13-11-21: [INFO   ] Generated 1 combinations for course ID 83533
110525_13-11-21: [INFO   ] Finished schedule generation. Total valid schedules: 1
110525_13-11-21: [INFO   ] output finish, can be seen in C:\Users\nick\Desktop\Schedulify/data/V1.schedOutput.json
110525_13-11-21: [INFO   ] SCHEDULES finished successfully
110525_13-11-33: [INFO   ] Successfully parsed 3 courses.
110525_13-11-35: [INFO   ] Starting schedule generation for 2 courses.
110525_13-11-35: [INFO   ] Generated 16 valid combinations for course ID 83112
110525_13-11-35: [INFO   ] Generated 16 combinations for course ID 83112
110525_13-11-35: [INFO   ] Generated 1 valid combinations for course ID 83533
110525_13-11-35: [INFO   ] Generated 1 combinations for course ID 83533
110525_13-11-35: [INFO   ] Finished schedule generation. Total valid schedules: 12
110525_13-11-36: [INFO   ] Starting schedule generation for 2 courses.
110525_13-11-36: [INFO   ] Generated 16 valid combinations for course ID 83112
110525_13-11-36: [INFO   ] Generated 16 combinations for course ID 83112
110525_13-11-36: [INFO   ] Generated 1 valid combinations for course ID 83533
110525_13-11-36: [INFO   ] Generated 1 combinations for course ID 83533
110525_13-11-36: [INFO   ] Finished schedule generation. Total valid schedules: 12
110525_13-11-37: [INFO   ] Starting schedule generation for 2 courses.
110525_13-11-37: [INFO   ] Generated 16 valid combinations for course ID 83112
110525_13-11-37: [INFO   ] Generated 16 combinations for course ID 83112
110525_13-11-37: [INFO   ] Generated 1 valid combinations for course ID 83533
110525_13-11-37: [INFO   ] Generated 1 combinations for course ID 83533
110525_13-11-37: [INFO   ] Finished schedule generation. Total valid schedules: 12
110525_13-11-37: [INFO   ] Starting schedule generation for 2 courses.
110525_13-11-37: [INFO   ] Generated 16 valid combinations for course ID 83112
110525_13-11-37: [INFO   ] Generated 16 combinations for course ID 83112
110525_13-11-37: [INFO   ] Generated 1 valid combinations for course ID 83533
110525_13-11-37: [INFO   ] Generated 1 combinations for course ID 83533
110525_13-11-37: [INFO   ] Finished schedule generation. Total valid schedules: 12
110525_13-11-37: [INFO   ] Starting schedule generation for 2 courses.
110525_13-11-37: [INFO   ] Generated 16 valid combinations for course ID 83112
110525_13-11-37: [INFO   ] Generated 16 combinations for course ID 83112
110525_13-11-37: [INFO   ] Generated 1 valid combinations for course ID 83533
110525_13-11-37: [INFO   ] Generated 1 combinations for course ID 83533
110525_13-11-37: [INFO   ] Finished schedule generation. Total valid schedules: 12
110525_13-11-37: [INFO   ] Starting schedule generation for 2 courses.
110525_13-11-37: [INFO   ] Generated 16 valid combinations for course ID 83112
110525_13-11-37: [INFO   ] Generated 16 combinations for course ID 83112
110525_13-11-37: [INFO   ] Generated 1 valid combinations for course ID 83533
110525_13-11-37: [INFO   ] Generated 1 combinations for course ID 83533
110525_13-11-37: [INFO   ] Finished schedule generation. Total valid schedules: 12
110525_13-11-37: [INFO   ] Starting schedule generation for 2 courses.
110525_13-11-37: [INFO   ] Generated 16 valid combinations for course ID 83112
110525_13-11-37: [INFO   ] Generated 16 combinations for course ID 83112
110525_13-11-37: [INFO   ] Generated 1 valid combinations for course ID 83533
110525_13-11-37: [INFO   ] Generated 1 combinations for course ID 83533
110525_13-11-37: [INFO   ] Finished schedule generation. Total valid schedules: 12
110525_13-11-37: [INFO   ] Starting schedule generation for 2 courses.
110525_13-11-37: [INFO   ] Generated 16 valid combinations for course ID 83112
110525_13-11-37: [INFO   ] Generated 16 combinations for course ID 83112
110525_13-11-37: [INFO   ] Generated 1 valid combinations for course ID 83533
110525_13-11-37: [INFO   ] Generated 1 combinations for course ID 83533
110525_13-11-37: [INFO   ] Finished schedule generation. Total valid schedules: 12
110525_13-11-37: [INFO   ] Starting schedule generation for 2 courses.
110525_13-11-37: [INFO   ] Generated 16 valid combinations for course ID 83112
110525_13-11-37: [INFO   ] Generated 16 combinations for course ID 83112
110525_13-11-37: [INFO   ] Generated 1 valid combinations for course ID 83533
110525_13-11-37: [INFO   ] Generated 1 combinations for course ID 83533
110525_13-11-37: [INFO   ] Finished schedule generation. Total valid schedules: 12
110525_13-11-38: [INFO   ] Starting schedule generation for 3 courses.
110525_13-11-38: [INFO   ] Generated 16 valid combinations for course ID 83112
110525_13-11-38: [INFO   ] Generated 16 combinations for course ID 83112
110525_13-11-38: [INFO   ] Generated 1 valid combinations for course ID 83533
110525_13-11-38: [INFO   ] Generated 1 combinations for course ID 83533
110525_13-11-38: [INFO   ] Generated 4 valid combinations for course ID 1
110525_13-11-38: [INFO   ] Generated 4 combinations for course ID 1
110525_13-11-38: [INFO   ] Finished schedule generation. Total valid schedules: 44
110525_13-11-39: [INFO   ] Starting schedule generation for 3 courses.
110525_13-11-39: [INFO   ] Generated 16 valid combinations for course ID 83112
110525_13-11-39: [INFO   ] Generated 16 combinations for course ID 83112
110525_13-11-39: [INFO   ] Generated 1 valid combinations for course ID 83533
110525_13-11-39: [INFO   ] Generated 1 combinations for course ID 83533
110525_13-11-39: [INFO   ] Generated 4 valid combinations for course ID 1
110525_13-11-39: [INFO   ] Generated 4 combinations for course ID 1
110525_13-11-39: [INFO   ] Finished schedule generation. Total valid schedules: 44
110525_13-11-39: [INFO   ] Starting schedule generation for 3 courses.
110525_13-11-39: [INFO   ] Generated 16 valid combinations for course ID 83112
110525_13-11-39: [INFO   ] Generated 16 combinations for course ID 83112
110525_13-11-39: [INFO   ] Generated 1 valid combinations for course ID 83533
110525_13-11-39: [INFO   ] Generated 1 combinations for course ID 83533
110525_13-11-39: [INFO   ] Generated 4 valid combinations for course ID 1
110525_13-11-39: [INFO   ] Generated 4 combinations for course ID 1
110525_13-11-39: [INFO   ] Finished schedule generation. Total valid schedules: 44
110525_13-11-39: [INFO   ] Starting schedule generation for 3 courses.
110525_13-11-39: [INFO   ] Generated 16 valid combinations for course ID 83112
110525_13-11-39: [INFO   ] Generated 16 combinations for course ID 83112
110525_13-11-39: [INFO   ] Generated 1 valid combinations for course ID 83533
110525_13-11-39: [INFO   ] Generated 1 combinations for course ID 83533
110525_13-11-39: [INFO   ] Generated 4 valid combinations for course ID 1
110525_13-11-39: [INFO   ] Generated 4 combinations for course ID 1
110525_13-11-39: [INFO   ] Finished schedule generation. Total valid schedules: 44
110525_13-11-42: [INFO   ] Starting schedule generation for 3 courses.
110525_13-11-42: [INFO   ] Generated 4 valid combinations for course ID 1
110525_13-11-42: [INFO   ] Generated 4 combinations for course ID 1
110525_13-11-42: [INFO   ] Generated 1 valid combinations for course ID 83533
110525_13-11-42: [INFO   ] Generated 1 combinations for course ID 83533
110525_13-11-42: [INFO   ] Generated 16 valid combinations for course ID 83112
110525_13-11-42: [INFO   ] Generated 16 combinations for course ID 83112
110525_13-11-42: [INFO   ] Finished schedule generation. Total valid schedules: 44
110525_13-11-42: [INFO   ] Starting schedule generation for 3 courses.
110525_13-11-42: [INFO   ] Generated 4 valid combinations for course ID 1
110525_13-11-42: [INFO   ] Generated 4 combinations for course ID 1
110525_13-11-42: [INFO   ] Generated 1 valid combinations for course ID 83533
110525_13-11-42: [INFO   ] Generated 1 combinations for course ID 83533
110525_13-11-42: [INFO   ] Generated 16 valid combinations for course ID 83112
110525_13-11-42: [INFO   ] Generated 16 combinations for course ID 83112
110525_13-11-42: [INFO   ] Finished schedule generation. Total valid schedules: 44
110525_13-11-42: [INFO   ] Starting schedule generation for 3 courses.
110525_13-11-42: [INFO   ] Generated 4 valid combinations for course ID 1
110525_13-11-42: [INFO   ] Generated 4 combinations for course ID 1
110525_13-11-42: [INFO   ] Generated 1 valid combinations for course ID 83533
110525_13-11-42: [INFO   ] Generated 1 combinations for course ID 83533
110525_13-11-42: [INFO   ] Generated 16 valid combinations for course ID 83112
110525_13-11-42: [INFO   ] Generated 16 combinations for course ID 83112
110525_13-11-42: [INFO   ] Finished schedule generation. Total valid schedules: 44
