110525_16-14-50: [INFO   ] directory: C:\Users\nick\Desktop\Schedulify
110525_16-14-50: [INFO   ] Successfully parsed 3 courses.
110525_16-14-50: [INFO   ] output finish, can be seen in C:\Users\nick\Desktop\Schedulify/data/V1.courseOutput.json
110525_16-14-50: [INFO   ] COURSES finished successfully
110525_16-14-50: [INFO   ] directory: C:\Users\nick\Desktop\Schedulify
110525_16-14-50: [INFO   ] Successfully parsed 3 courses.
110525_16-14-50: [INFO   ] Starting schedule generation for 1 courses.
110525_16-14-50: [INFO   ] Generated 1 valid combinations for course ID 83533
110525_16-14-50: [INFO   ] Generated 1 combinations for course ID 83533
110525_16-14-50: [INFO   ] Finished schedule generation. Total valid schedules: 1
110525_16-14-50: [INFO   ] output finish, can be seen in C:\Users\nick\Desktop\Schedulify/data/V1.schedOutput.json
110525_16-14-50: [INFO   ] SCHEDULES finished successfully
110525_16-15-15: [INFO   ] Successfully parsed 6 courses.
110525_16-15-20: [INFO   ] Starting schedule generation for 6 courses.
110525_16-15-20: [INFO   ] Generated 2 valid combinations for course ID 55678
110525_16-15-20: [INFO   ] Generated 2 combinations for course ID 55678
110525_16-15-20: [INFO   ] Generated 2 valid combinations for course ID 77231
110525_16-15-20: [INFO   ] Generated 2 combinations for course ID 77231
110525_16-15-20: [INFO   ] Generated 4 valid combinations for course ID 44567
110525_16-15-20: [INFO   ] Generated 4 combinations for course ID 44567
110525_16-15-20: [INFO   ] Generated 16 valid combinations for course ID 83112
110525_16-15-20: [INFO   ] Generated 16 combinations for course ID 83112
110525_16-15-20: [INFO   ] Generated 1 valid combinations for course ID 83533
110525_16-15-20: [INFO   ] Generated 1 combinations for course ID 83533
110525_16-15-20: [INFO   ] Generated 4 valid combinations for course ID 1
110525_16-15-20: [INFO   ] Generated 4 combinations for course ID 1
110525_16-15-20: [INFO   ] Finished schedule generation. Total valid schedules: 56
