110525_13-15-50: [INFO   ] directory: C:\Users\nick\Desktop\Schedulify
110525_13-15-50: [INFO   ] Successfully parsed 3 courses.
110525_13-15-50: [INFO   ] output finish, can be seen in C:\Users\nick\Desktop\Schedulify/data/V1.courseOutput.json
110525_13-15-50: [INFO   ] COURSES finished successfully
110525_13-15-50: [INFO   ] directory: C:\Users\nick\Desktop\Schedulify
110525_13-15-50: [INFO   ] Successfully parsed 3 courses.
110525_13-15-50: [INFO   ] Starting schedule generation for 1 courses.
110525_13-15-50: [INFO   ] Generated 1 valid combinations for course ID 83533
110525_13-15-50: [INFO   ] Generated 1 combinations for course ID 83533
110525_13-15-50: [INFO   ] Finished schedule generation. Total valid schedules: 1
110525_13-15-50: [INFO   ] output finish, can be seen in C:\Users\nick\Desktop\Schedulify/data/V1.schedOutput.json
110525_13-15-50: [INFO   ] SCHEDULES finished successfully
110525_13-16-02: [INFO   ] Successfully parsed 3 courses.
110525_13-16-04: [INFO   ] Starting schedule generation for 2 courses.
110525_13-16-04: [INFO   ] Generated 16 valid combinations for course ID 83112
110525_13-16-04: [INFO   ] Generated 16 combinations for course ID 83112
110525_13-16-04: [INFO   ] Generated 1 valid combinations for course ID 83533
110525_13-16-04: [INFO   ] Generated 1 combinations for course ID 83533
110525_13-16-04: [INFO   ] Finished schedule generation. Total valid schedules: 12
110525_13-16-05: [INFO   ] Starting schedule generation for 2 courses.
110525_13-16-05: [INFO   ] Generated 16 valid combinations for course ID 83112
110525_13-16-05: [INFO   ] Generated 16 combinations for course ID 83112
110525_13-16-05: [INFO   ] Generated 1 valid combinations for course ID 83533
110525_13-16-05: [INFO   ] Generated 1 combinations for course ID 83533
110525_13-16-05: [INFO   ] Finished schedule generation. Total valid schedules: 12
110525_13-16-05: [INFO   ] Starting schedule generation for 2 courses.
110525_13-16-05: [INFO   ] Generated 16 valid combinations for course ID 83112
110525_13-16-05: [INFO   ] Generated 16 combinations for course ID 83112
110525_13-16-05: [INFO   ] Generated 1 valid combinations for course ID 83533
110525_13-16-05: [INFO   ] Generated 1 combinations for course ID 83533
110525_13-16-05: [INFO   ] Finished schedule generation. Total valid schedules: 12
110525_13-16-05: [INFO   ] Starting schedule generation for 2 courses.
110525_13-16-05: [INFO   ] Generated 16 valid combinations for course ID 83112
110525_13-16-05: [INFO   ] Generated 16 combinations for course ID 83112
110525_13-16-05: [INFO   ] Generated 1 valid combinations for course ID 83533
110525_13-16-05: [INFO   ] Generated 1 combinations for course ID 83533
110525_13-16-05: [INFO   ] Finished schedule generation. Total valid schedules: 12
110525_13-16-05: [INFO   ] Starting schedule generation for 2 courses.
110525_13-16-05: [INFO   ] Generated 16 valid combinations for course ID 83112
110525_13-16-05: [INFO   ] Generated 16 combinations for course ID 83112
110525_13-16-05: [INFO   ] Generated 1 valid combinations for course ID 83533
110525_13-16-05: [INFO   ] Generated 1 combinations for course ID 83533
110525_13-16-05: [INFO   ] Finished schedule generation. Total valid schedules: 12
110525_13-16-06: [INFO   ] Starting schedule generation for 2 courses.
110525_13-16-06: [INFO   ] Generated 16 valid combinations for course ID 83112
110525_13-16-06: [INFO   ] Generated 16 combinations for course ID 83112
110525_13-16-06: [INFO   ] Generated 1 valid combinations for course ID 83533
110525_13-16-06: [INFO   ] Generated 1 combinations for course ID 83533
110525_13-16-06: [INFO   ] Finished schedule generation. Total valid schedules: 12
110525_13-16-06: [INFO   ] Starting schedule generation for 2 courses.
110525_13-16-06: [INFO   ] Generated 16 valid combinations for course ID 83112
110525_13-16-06: [INFO   ] Generated 16 combinations for course ID 83112
110525_13-16-06: [INFO   ] Generated 1 valid combinations for course ID 83533
110525_13-16-06: [INFO   ] Generated 1 combinations for course ID 83533
110525_13-16-06: [INFO   ] Finished schedule generation. Total valid schedules: 12
